2022-05-24 10:41:10.852  WARN 932 --- [main] o.m.s.mapper.ClassPathMapperScanner      : No MyBatis mapper was found in '[com.lik.LikTemplate.mapper.*]' package. Please check your configuration.
2022-05-24 10:41:11.302  INFO 932 --- [main] o.s.b.w.embedded.tomcat.TomcatWebServer  : Tomcat initialized with port(s): 9001 (http)
2022-05-24 10:41:11.307  INFO 932 --- [main] o.apache.catalina.core.StandardService   : Starting service [Tomcat]
2022-05-24 10:41:11.307  INFO 932 --- [main] org.apache.catalina.core.StandardEngine  : Starting Servlet engine: [Apache Tomcat/9.0.46]
2022-05-24 10:41:11.457  INFO 932 --- [main] o.a.c.c.C.[Tomcat].[localhost].[/]       : Initializing Spring embedded WebApplicationContext
2022-05-24 10:41:11.457  INFO 932 --- [main] w.s.c.ServletWebServerApplicationContext : Root WebApplicationContext: initialization completed in 1710 ms
2022-05-24 10:41:11.722  INFO 932 --- [main] c.a.d.s.b.a.DruidDataSourceAutoConfigure : Init DruidDataSource
2022-05-24 10:41:11.917  WARN 932 --- [main] com.alibaba.druid.pool.DruidDataSource   : removeAbandoned is true, not use in production.
2022-05-24 10:41:11.947  INFO 932 --- [main] com.alibaba.druid.pool.DruidDataSource   : {dataSource-1} inited
2022-05-24 10:41:13.797  INFO 932 --- [main] o.s.s.concurrent.ThreadPoolTaskExecutor  : Initializing ExecutorService 'applicationTaskExecutor'
2022-05-24 10:41:14.017  INFO 932 --- [main] o.s.b.w.embedded.tomcat.TomcatWebServer  : Tomcat started on port(s): 9001 (http) with context path ''
2022-05-24 10:41:50.117  INFO 932 --- [http-nio-9001-exec-1] o.a.c.c.C.[Tomcat].[localhost].[/]       : Initializing Spring DispatcherServlet 'dispatcherServlet'
2022-05-24 10:41:50.117  INFO 932 --- [http-nio-9001-exec-1] o.s.web.servlet.DispatcherServlet        : Initializing Servlet 'dispatcherServlet'
2022-05-24 10:41:50.133  INFO 932 --- [http-nio-9001-exec-1] o.s.web.servlet.DispatcherServlet        : Completed initialization in 16 ms
2022-05-24 10:42:54.208 ERROR 932 --- [http-nio-9001-exec-9] druid.sql.Statement                      : {conn-10004, pstmt-20003} execute error. insert into user
		(userName,userPwd,userSex,userPhone,userEmail) values
		(?,?,?,?,?)

com.mysql.cj.jdbc.exceptions.MysqlDataTruncation: Data truncation: Data too long for column 'userName' at row 1
	at com.mysql.cj.jdbc.exceptions.SQLExceptionsMapping.translateException(SQLExceptionsMapping.java:104) ~[mysql-connector-java-8.0.28.jar:8.0.28]
	at com.mysql.cj.jdbc.ClientPreparedStatement.executeInternal(ClientPreparedStatement.java:953) ~[mysql-connector-java-8.0.28.jar:8.0.28]
	at com.mysql.cj.jdbc.ClientPreparedStatement.execute(ClientPreparedStatement.java:371) ~[mysql-connector-java-8.0.28.jar:8.0.28]
	at com.alibaba.druid.filter.FilterChainImpl.preparedStatement_execute(FilterChainImpl.java:3461) [druid-1.2.5.jar:1.2.5]
	at com.alibaba.druid.filter.FilterEventAdapter.preparedStatement_execute(FilterEventAdapter.java:440) [druid-1.2.5.jar:1.2.5]
	at com.alibaba.druid.filter.FilterChainImpl.preparedStatement_execute(FilterChainImpl.java:3459) [druid-1.2.5.jar:1.2.5]
	at com.alibaba.druid.wall.WallFilter.preparedStatement_execute(WallFilter.java:660) [druid-1.2.5.jar:1.2.5]
	at com.alibaba.druid.filter.FilterChainImpl.preparedStatement_execute(FilterChainImpl.java:3459) [druid-1.2.5.jar:1.2.5]
	at com.alibaba.druid.filter.FilterEventAdapter.preparedStatement_execute(FilterEventAdapter.java:440) [druid-1.2.5.jar:1.2.5]
	at com.alibaba.druid.filter.FilterChainImpl.preparedStatement_execute(FilterChainImpl.java:3459) [druid-1.2.5.jar:1.2.5]
	at com.alibaba.druid.proxy.jdbc.PreparedStatementProxyImpl.execute(PreparedStatementProxyImpl.java:167) [druid-1.2.5.jar:1.2.5]
	at com.alibaba.druid.pool.DruidPooledPreparedStatement.execute(DruidPooledPreparedStatement.java:497) [druid-1.2.5.jar:1.2.5]
	at sun.reflect.NativeMethodAccessorImpl.invoke0(Native Method) ~[na:1.8.0_301]
	at sun.reflect.NativeMethodAccessorImpl.invoke(NativeMethodAccessorImpl.java:62) ~[na:1.8.0_301]
	at sun.reflect.DelegatingMethodAccessorImpl.invoke(DelegatingMethodAccessorImpl.java:43) ~[na:1.8.0_301]
	at java.lang.reflect.Method.invoke(Method.java:498) ~[na:1.8.0_301]
	at org.apache.ibatis.logging.jdbc.PreparedStatementLogger.invoke(PreparedStatementLogger.java:59) [mybatis-3.5.6.jar:3.5.6]
	at com.sun.proxy.$Proxy86.execute(Unknown Source) [na:na]
	at org.apache.ibatis.executor.statement.PreparedStatementHandler.update(PreparedStatementHandler.java:47) [mybatis-3.5.6.jar:3.5.6]
	at org.apache.ibatis.executor.statement.RoutingStatementHandler.update(RoutingStatementHandler.java:74) [mybatis-3.5.6.jar:3.5.6]
	at sun.reflect.NativeMethodAccessorImpl.invoke0(Native Method) ~[na:1.8.0_301]
	at sun.reflect.NativeMethodAccessorImpl.invoke(NativeMethodAccessorImpl.java:62) ~[na:1.8.0_301]
	at sun.reflect.DelegatingMethodAccessorImpl.invoke(DelegatingMethodAccessorImpl.java:43) ~[na:1.8.0_301]
	at java.lang.reflect.Method.invoke(Method.java:498) ~[na:1.8.0_301]
	at org.apache.ibatis.plugin.Plugin.invoke(Plugin.java:63) [mybatis-3.5.6.jar:3.5.6]
	at com.sun.proxy.$Proxy84.update(Unknown Source) [na:na]
	at com.baomidou.mybatisplus.core.executor.MybatisSimpleExecutor.doUpdate(MybatisSimpleExecutor.java:56) [mybatis-plus-core-3.4.2.jar:3.4.2]
	at org.apache.ibatis.executor.BaseExecutor.update(BaseExecutor.java:117) [mybatis-3.5.6.jar:3.5.6]
	at com.baomidou.mybatisplus.core.executor.MybatisCachingExecutor.update(MybatisCachingExecutor.java:85) [mybatis-plus-core-3.4.2.jar:3.4.2]
	at org.apache.ibatis.session.defaults.DefaultSqlSession.update(DefaultSqlSession.java:197) [mybatis-3.5.6.jar:3.5.6]
	at org.apache.ibatis.session.defaults.DefaultSqlSession.insert(DefaultSqlSession.java:184) [mybatis-3.5.6.jar:3.5.6]
	at sun.reflect.NativeMethodAccessorImpl.invoke0(Native Method) ~[na:1.8.0_301]
	at sun.reflect.NativeMethodAccessorImpl.invoke(NativeMethodAccessorImpl.java:62) ~[na:1.8.0_301]
	at sun.reflect.DelegatingMethodAccessorImpl.invoke(DelegatingMethodAccessorImpl.java:43) ~[na:1.8.0_301]
	at java.lang.reflect.Method.invoke(Method.java:498) ~[na:1.8.0_301]
	at org.mybatis.spring.SqlSessionTemplate$SqlSessionInterceptor.invoke(SqlSessionTemplate.java:426) [mybatis-spring-2.0.5.jar:2.0.5]
	at com.sun.proxy.$Proxy54.insert(Unknown Source) [na:na]
	at org.mybatis.spring.SqlSessionTemplate.insert(SqlSessionTemplate.java:271) [mybatis-spring-2.0.5.jar:2.0.5]
	at com.baomidou.mybatisplus.core.override.MybatisMapperMethod.execute(MybatisMapperMethod.java:60) [mybatis-plus-core-3.4.2.jar:3.4.2]
	at com.baomidou.mybatisplus.core.override.MybatisMapperProxy$PlainMethodInvoker.invoke(MybatisMapperProxy.java:148) [mybatis-plus-core-3.4.2.jar:3.4.2]
	at com.baomidou.mybatisplus.core.override.MybatisMapperProxy.invoke(MybatisMapperProxy.java:89) [mybatis-plus-core-3.4.2.jar:3.4.2]
	at com.sun.proxy.$Proxy65.insertUser(Unknown Source) [na:na]
	at com.lik.LikTemplate.service.Impl.UserServiceImpl.insertUser(UserServiceImpl.java:28) [classes/:na]
	at com.lik.LikTemplate.controller.api.UserController.insertUser(UserController.java:58) [classes/:na]
	at sun.reflect.NativeMethodAccessorImpl.invoke0(Native Method) ~[na:1.8.0_301]
	at sun.reflect.NativeMethodAccessorImpl.invoke(NativeMethodAccessorImpl.java:62) ~[na:1.8.0_301]
	at sun.reflect.DelegatingMethodAccessorImpl.invoke(DelegatingMethodAccessorImpl.java:43) ~[na:1.8.0_301]
	at java.lang.reflect.Method.invoke(Method.java:498) ~[na:1.8.0_301]
	at org.springframework.web.method.support.InvocableHandlerMethod.doInvoke(InvocableHandlerMethod.java:190) [spring-web-5.2.15.RELEASE.jar:5.2.15.RELEASE]
	at org.springframework.web.method.support.InvocableHandlerMethod.invokeForRequest(InvocableHandlerMethod.java:138) [spring-web-5.2.15.RELEASE.jar:5.2.15.RELEASE]
	at org.springframework.web.servlet.mvc.method.annotation.ServletInvocableHandlerMethod.invokeAndHandle(ServletInvocableHandlerMethod.java:105) [spring-webmvc-5.2.15.RELEASE.jar:5.2.15.RELEASE]
	at org.springframework.web.servlet.mvc.method.annotation.RequestMappingHandlerAdapter.invokeHandlerMethod(RequestMappingHandlerAdapter.java:878) [spring-webmvc-5.2.15.RELEASE.jar:5.2.15.RELEASE]
	at org.springframework.web.servlet.mvc.method.annotation.RequestMappingHandlerAdapter.handleInternal(RequestMappingHandlerAdapter.java:792) [spring-webmvc-5.2.15.RELEASE.jar:5.2.15.RELEASE]
	at org.springframework.web.servlet.mvc.method.AbstractHandlerMethodAdapter.handle(AbstractHandlerMethodAdapter.java:87) [spring-webmvc-5.2.15.RELEASE.jar:5.2.15.RELEASE]
	at org.springframework.web.servlet.DispatcherServlet.doDispatch(DispatcherServlet.java:1040) [spring-webmvc-5.2.15.RELEASE.jar:5.2.15.RELEASE]
	at org.springframework.web.servlet.DispatcherServlet.doService(DispatcherServlet.java:943) [spring-webmvc-5.2.15.RELEASE.jar:5.2.15.RELEASE]
	at org.springframework.web.servlet.FrameworkServlet.processRequest(FrameworkServlet.java:1006) [spring-webmvc-5.2.15.RELEASE.jar:5.2.15.RELEASE]
	at org.springframework.web.servlet.FrameworkServlet.doPost(FrameworkServlet.java:909) [spring-webmvc-5.2.15.RELEASE.jar:5.2.15.RELEASE]
	at javax.servlet.http.HttpServlet.service(HttpServlet.java:652) [tomcat-embed-core-9.0.46.jar:4.0.FR]
	at org.springframework.web.servlet.FrameworkServlet.service(FrameworkServlet.java:883) [spring-webmvc-5.2.15.RELEASE.jar:5.2.15.RELEASE]
	at javax.servlet.http.HttpServlet.service(HttpServlet.java:733) [tomcat-embed-core-9.0.46.jar:4.0.FR]
	at org.apache.catalina.core.ApplicationFilterChain.internalDoFilter(ApplicationFilterChain.java:227) [tomcat-embed-core-9.0.46.jar:9.0.46]
	at org.apache.catalina.core.ApplicationFilterChain.doFilter(ApplicationFilterChain.java:162) [tomcat-embed-core-9.0.46.jar:9.0.46]
	at org.apache.tomcat.websocket.server.WsFilter.doFilter(WsFilter.java:53) [tomcat-embed-websocket-9.0.46.jar:9.0.46]
	at org.apache.catalina.core.ApplicationFilterChain.internalDoFilter(ApplicationFilterChain.java:189) [tomcat-embed-core-9.0.46.jar:9.0.46]
	at org.apache.catalina.core.ApplicationFilterChain.doFilter(ApplicationFilterChain.java:162) [tomcat-embed-core-9.0.46.jar:9.0.46]
	at com.alibaba.druid.support.http.WebStatFilter.doFilter(WebStatFilter.java:124) [druid-1.2.5.jar:1.2.5]
	at org.apache.catalina.core.ApplicationFilterChain.internalDoFilter(ApplicationFilterChain.java:189) [tomcat-embed-core-9.0.46.jar:9.0.46]
	at org.apache.catalina.core.ApplicationFilterChain.doFilter(ApplicationFilterChain.java:162) [tomcat-embed-core-9.0.46.jar:9.0.46]
	at org.springframework.web.filter.RequestContextFilter.doFilterInternal(RequestContextFilter.java:100) [spring-web-5.2.15.RELEASE.jar:5.2.15.RELEASE]
	at org.springframework.web.filter.OncePerRequestFilter.doFilter(OncePerRequestFilter.java:119) [spring-web-5.2.15.RELEASE.jar:5.2.15.RELEASE]
	at org.apache.catalina.core.ApplicationFilterChain.internalDoFilter(ApplicationFilterChain.java:189) [tomcat-embed-core-9.0.46.jar:9.0.46]
	at org.apache.catalina.core.ApplicationFilterChain.doFilter(ApplicationFilterChain.java:162) [tomcat-embed-core-9.0.46.jar:9.0.46]
	at org.springframework.web.filter.FormContentFilter.doFilterInternal(FormContentFilter.java:93) [spring-web-5.2.15.RELEASE.jar:5.2.15.RELEASE]
	at org.springframework.web.filter.OncePerRequestFilter.doFilter(OncePerRequestFilter.java:119) [spring-web-5.2.15.RELEASE.jar:5.2.15.RELEASE]
	at org.apache.catalina.core.ApplicationFilterChain.internalDoFilter(ApplicationFilterChain.java:189) [tomcat-embed-core-9.0.46.jar:9.0.46]
	at org.apache.catalina.core.ApplicationFilterChain.doFilter(ApplicationFilterChain.java:162) [tomcat-embed-core-9.0.46.jar:9.0.46]
	at org.springframework.web.filter.CharacterEncodingFilter.doFilterInternal(CharacterEncodingFilter.java:201) [spring-web-5.2.15.RELEASE.jar:5.2.15.RELEASE]
	at org.springframework.web.filter.OncePerRequestFilter.doFilter(OncePerRequestFilter.java:119) [spring-web-5.2.15.RELEASE.jar:5.2.15.RELEASE]
	at org.apache.catalina.core.ApplicationFilterChain.internalDoFilter(ApplicationFilterChain.java:189) [tomcat-embed-core-9.0.46.jar:9.0.46]
	at org.apache.catalina.core.ApplicationFilterChain.doFilter(ApplicationFilterChain.java:162) [tomcat-embed-core-9.0.46.jar:9.0.46]
	at org.apache.catalina.core.StandardWrapperValve.invoke(StandardWrapperValve.java:202) [tomcat-embed-core-9.0.46.jar:9.0.46]
	at org.apache.catalina.core.StandardContextValve.invoke(StandardContextValve.java:97) [tomcat-embed-core-9.0.46.jar:9.0.46]
	at org.apache.catalina.authenticator.AuthenticatorBase.invoke(AuthenticatorBase.java:542) [tomcat-embed-core-9.0.46.jar:9.0.46]
	at org.apache.catalina.core.StandardHostValve.invoke(StandardHostValve.java:143) [tomcat-embed-core-9.0.46.jar:9.0.46]
	at org.apache.catalina.valves.ErrorReportValve.invoke(ErrorReportValve.java:92) [tomcat-embed-core-9.0.46.jar:9.0.46]
	at org.apache.catalina.core.StandardEngineValve.invoke(StandardEngineValve.java:78) [tomcat-embed-core-9.0.46.jar:9.0.46]
	at org.apache.catalina.connector.CoyoteAdapter.service(CoyoteAdapter.java:357) [tomcat-embed-core-9.0.46.jar:9.0.46]
	at org.apache.coyote.http11.Http11Processor.service(Http11Processor.java:374) [tomcat-embed-core-9.0.46.jar:9.0.46]
	at org.apache.coyote.AbstractProcessorLight.process(AbstractProcessorLight.java:65) [tomcat-embed-core-9.0.46.jar:9.0.46]
	at org.apache.coyote.AbstractProtocol$ConnectionHandler.process(AbstractProtocol.java:893) [tomcat-embed-core-9.0.46.jar:9.0.46]
	at org.apache.tomcat.util.net.NioEndpoint$SocketProcessor.doRun(NioEndpoint.java:1707) [tomcat-embed-core-9.0.46.jar:9.0.46]
	at org.apache.tomcat.util.net.SocketProcessorBase.run(SocketProcessorBase.java:49) [tomcat-embed-core-9.0.46.jar:9.0.46]
	at java.util.concurrent.ThreadPoolExecutor.runWorker(ThreadPoolExecutor.java:1149) [na:1.8.0_301]
	at java.util.concurrent.ThreadPoolExecutor$Worker.run(ThreadPoolExecutor.java:624) [na:1.8.0_301]
	at org.apache.tomcat.util.threads.TaskThread$WrappingRunnable.run(TaskThread.java:61) [tomcat-embed-core-9.0.46.jar:9.0.46]
	at java.lang.Thread.run(Thread.java:748) [na:1.8.0_301]

2022-05-24 10:42:54.297 ERROR 932 --- [http-nio-9001-exec-9] c.l.L.handler.GlobalExceptionHandler     : org.springframework.dao.DataIntegrityViolationException: 
### Error updating database.  Cause: com.mysql.cj.jdbc.exceptions.MysqlDataTruncation: Data truncation: Data too long for column 'userName' at row 1
### The error may exist in com/lik/LikTemplate/mapper/UserMapper.java (best guess)
### The error may involve com.lik.LikTemplate.mapper.UserMapper.insertUser-Inline
### The error occurred while setting parameters
### SQL: insert into user   (userName,userPwd,userSex,userPhone,userEmail) values   (?,?,?,?,?)
### Cause: com.mysql.cj.jdbc.exceptions.MysqlDataTruncation: Data truncation: Data too long for column 'userName' at row 1
; Data truncation: Data too long for column 'userName' at row 1; nested exception is com.mysql.cj.jdbc.exceptions.MysqlDataTruncation: Data truncation: Data too long for column 'userName' at row 1
	at org.springframework.jdbc.support.SQLStateSQLExceptionTranslator.doTranslate(SQLStateSQLExceptionTranslator.java:104)
	at org.springframework.jdbc.support.AbstractFallbackSQLExceptionTranslator.translate(AbstractFallbackSQLExceptionTranslator.java:72)
	at org.springframework.jdbc.support.AbstractFallbackSQLExceptionTranslator.translate(AbstractFallbackSQLExceptionTranslator.java:81)
	at org.springframework.jdbc.support.AbstractFallbackSQLExceptionTranslator.translate(AbstractFallbackSQLExceptionTranslator.java:81)
	at org.mybatis.spring.MyBatisExceptionTranslator.translateExceptionIfPossible(MyBatisExceptionTranslator.java:88)
	at org.mybatis.spring.SqlSessionTemplate$SqlSessionInterceptor.invoke(SqlSessionTemplate.java:440)
	at com.sun.proxy.$Proxy54.insert(Unknown Source)
	at org.mybatis.spring.SqlSessionTemplate.insert(SqlSessionTemplate.java:271)
	at com.baomidou.mybatisplus.core.override.MybatisMapperMethod.execute(MybatisMapperMethod.java:60)
	at com.baomidou.mybatisplus.core.override.MybatisMapperProxy$PlainMethodInvoker.invoke(MybatisMapperProxy.java:148)
	at com.baomidou.mybatisplus.core.override.MybatisMapperProxy.invoke(MybatisMapperProxy.java:89)
	at com.sun.proxy.$Proxy65.insertUser(Unknown Source)
	at com.lik.LikTemplate.service.Impl.UserServiceImpl.insertUser(UserServiceImpl.java:28)
	at com.lik.LikTemplate.controller.api.UserController.insertUser(UserController.java:58)
	at sun.reflect.NativeMethodAccessorImpl.invoke0(Native Method)
	at sun.reflect.NativeMethodAccessorImpl.invoke(NativeMethodAccessorImpl.java:62)
	at sun.reflect.DelegatingMethodAccessorImpl.invoke(DelegatingMethodAccessorImpl.java:43)
	at java.lang.reflect.Method.invoke(Method.java:498)
	at org.springframework.web.method.support.InvocableHandlerMethod.doInvoke(InvocableHandlerMethod.java:190)
	at org.springframework.web.method.support.InvocableHandlerMethod.invokeForRequest(InvocableHandlerMethod.java:138)
	at org.springframework.web.servlet.mvc.method.annotation.ServletInvocableHandlerMethod.invokeAndHandle(ServletInvocableHandlerMethod.java:105)
	at org.springframework.web.servlet.mvc.method.annotation.RequestMappingHandlerAdapter.invokeHandlerMethod(RequestMappingHandlerAdapter.java:878)
	at org.springframework.web.servlet.mvc.method.annotation.RequestMappingHandlerAdapter.handleInternal(RequestMappingHandlerAdapter.java:792)
	at org.springframework.web.servlet.mvc.method.AbstractHandlerMethodAdapter.handle(AbstractHandlerMethodAdapter.java:87)
	at org.springframework.web.servlet.DispatcherServlet.doDispatch(DispatcherServlet.java:1040)
	at org.springframework.web.servlet.DispatcherServlet.doService(DispatcherServlet.java:943)
	at org.springframework.web.servlet.FrameworkServlet.processRequest(FrameworkServlet.java:1006)
	at org.springframework.web.servlet.FrameworkServlet.doPost(FrameworkServlet.java:909)
	at javax.servlet.http.HttpServlet.service(HttpServlet.java:652)
	at org.springframework.web.servlet.FrameworkServlet.service(FrameworkServlet.java:883)
	at javax.servlet.http.HttpServlet.service(HttpServlet.java:733)
	at org.apache.catalina.core.ApplicationFilterChain.internalDoFilter(ApplicationFilterChain.java:227)
	at org.apache.catalina.core.ApplicationFilterChain.doFilter(ApplicationFilterChain.java:162)
	at org.apache.tomcat.websocket.server.WsFilter.doFilter(WsFilter.java:53)
	at org.apache.catalina.core.ApplicationFilterChain.internalDoFilter(ApplicationFilterChain.java:189)
	at org.apache.catalina.core.ApplicationFilterChain.doFilter(ApplicationFilterChain.java:162)
	at com.alibaba.druid.support.http.WebStatFilter.doFilter(WebStatFilter.java:124)
	at org.apache.catalina.core.ApplicationFilterChain.internalDoFilter(ApplicationFilterChain.java:189)
	at org.apache.catalina.core.ApplicationFilterChain.doFilter(ApplicationFilterChain.java:162)
	at org.springframework.web.filter.RequestContextFilter.doFilterInternal(RequestContextFilter.java:100)
	at org.springframework.web.filter.OncePerRequestFilter.doFilter(OncePerRequestFilter.java:119)
	at org.apache.catalina.core.ApplicationFilterChain.internalDoFilter(ApplicationFilterChain.java:189)
	at org.apache.catalina.core.ApplicationFilterChain.doFilter(ApplicationFilterChain.java:162)
	at org.springframework.web.filter.FormContentFilter.doFilterInternal(FormContentFilter.java:93)
	at org.springframework.web.filter.OncePerRequestFilter.doFilter(OncePerRequestFilter.java:119)
	at org.apache.catalina.core.ApplicationFilterChain.internalDoFilter(ApplicationFilterChain.java:189)
	at org.apache.catalina.core.ApplicationFilterChain.doFilter(ApplicationFilterChain.java:162)
	at org.springframework.web.filter.CharacterEncodingFilter.doFilterInternal(CharacterEncodingFilter.java:201)
	at org.springframework.web.filter.OncePerRequestFilter.doFilter(OncePerRequestFilter.java:119)
	at org.apache.catalina.core.ApplicationFilterChain.internalDoFilter(ApplicationFilterChain.java:189)
	at org.apache.catalina.core.ApplicationFilterChain.doFilter(ApplicationFilterChain.java:162)
	at org.apache.catalina.core.StandardWrapperValve.invoke(StandardWrapperValve.java:202)
	at org.apache.catalina.core.StandardContextValve.invoke(StandardContextValve.java:97)
	at org.apache.catalina.authenticator.AuthenticatorBase.invoke(AuthenticatorBase.java:542)
	at org.apache.catalina.core.StandardHostValve.invoke(StandardHostValve.java:143)
	at org.apache.catalina.valves.ErrorReportValve.invoke(ErrorReportValve.java:92)
	at org.apache.catalina.core.StandardEngineValve.invoke(StandardEngineValve.java:78)
	at org.apache.catalina.connector.CoyoteAdapter.service(CoyoteAdapter.java:357)
	at org.apache.coyote.http11.Http11Processor.service(Http11Processor.java:374)
	at org.apache.coyote.AbstractProcessorLight.process(AbstractProcessorLight.java:65)
	at org.apache.coyote.AbstractProtocol$ConnectionHandler.process(AbstractProtocol.java:893)
	at org.apache.tomcat.util.net.NioEndpoint$SocketProcessor.doRun(NioEndpoint.java:1707)
	at org.apache.tomcat.util.net.SocketProcessorBase.run(SocketProcessorBase.java:49)
	at java.util.concurrent.ThreadPoolExecutor.runWorker(ThreadPoolExecutor.java:1149)
	at java.util.concurrent.ThreadPoolExecutor$Worker.run(ThreadPoolExecutor.java:624)
	at org.apache.tomcat.util.threads.TaskThread$WrappingRunnable.run(TaskThread.java:61)
	at java.lang.Thread.run(Thread.java:748)
Caused by: com.mysql.cj.jdbc.exceptions.MysqlDataTruncation: Data truncation: Data too long for column 'userName' at row 1
	at com.mysql.cj.jdbc.exceptions.SQLExceptionsMapping.translateException(SQLExceptionsMapping.java:104)
	at com.mysql.cj.jdbc.ClientPreparedStatement.executeInternal(ClientPreparedStatement.java:953)
	at com.mysql.cj.jdbc.ClientPreparedStatement.execute(ClientPreparedStatement.java:371)
	at com.alibaba.druid.filter.FilterChainImpl.preparedStatement_execute(FilterChainImpl.java:3461)
	at com.alibaba.druid.filter.FilterEventAdapter.preparedStatement_execute(FilterEventAdapter.java:440)
	at com.alibaba.druid.filter.FilterChainImpl.preparedStatement_execute(FilterChainImpl.java:3459)
	at com.alibaba.druid.wall.WallFilter.preparedStatement_execute(WallFilter.java:660)
	at com.alibaba.druid.filter.FilterChainImpl.preparedStatement_execute(FilterChainImpl.java:3459)
	at com.alibaba.druid.filter.FilterEventAdapter.preparedStatement_execute(FilterEventAdapter.java:440)
	at com.alibaba.druid.filter.FilterChainImpl.preparedStatement_execute(FilterChainImpl.java:3459)
	at com.alibaba.druid.proxy.jdbc.PreparedStatementProxyImpl.execute(PreparedStatementProxyImpl.java:167)
	at com.alibaba.druid.pool.DruidPooledPreparedStatement.execute(DruidPooledPreparedStatement.java:497)
	at sun.reflect.NativeMethodAccessorImpl.invoke0(Native Method)
	at sun.reflect.NativeMethodAccessorImpl.invoke(NativeMethodAccessorImpl.java:62)
	at sun.reflect.DelegatingMethodAccessorImpl.invoke(DelegatingMethodAccessorImpl.java:43)
	at java.lang.reflect.Method.invoke(Method.java:498)
	at org.apache.ibatis.logging.jdbc.PreparedStatementLogger.invoke(PreparedStatementLogger.java:59)
	at com.sun.proxy.$Proxy86.execute(Unknown Source)
	at org.apache.ibatis.executor.statement.PreparedStatementHandler.update(PreparedStatementHandler.java:47)
	at org.apache.ibatis.executor.statement.RoutingStatementHandler.update(RoutingStatementHandler.java:74)
	at sun.reflect.NativeMethodAccessorImpl.invoke0(Native Method)
	at sun.reflect.NativeMethodAccessorImpl.invoke(NativeMethodAccessorImpl.java:62)
	at sun.reflect.DelegatingMethodAccessorImpl.invoke(DelegatingMethodAccessorImpl.java:43)
	at java.lang.reflect.Method.invoke(Method.java:498)
	at org.apache.ibatis.plugin.Plugin.invoke(Plugin.java:63)
	at com.sun.proxy.$Proxy84.update(Unknown Source)
	at com.baomidou.mybatisplus.core.executor.MybatisSimpleExecutor.doUpdate(MybatisSimpleExecutor.java:56)
	at org.apache.ibatis.executor.BaseExecutor.update(BaseExecutor.java:117)
	at com.baomidou.mybatisplus.core.executor.MybatisCachingExecutor.update(MybatisCachingExecutor.java:85)
	at org.apache.ibatis.session.defaults.DefaultSqlSession.update(DefaultSqlSession.java:197)
	at org.apache.ibatis.session.defaults.DefaultSqlSession.insert(DefaultSqlSession.java:184)
	at sun.reflect.NativeMethodAccessorImpl.invoke0(Native Method)
	at sun.reflect.NativeMethodAccessorImpl.invoke(NativeMethodAccessorImpl.java:62)
	at sun.reflect.DelegatingMethodAccessorImpl.invoke(DelegatingMethodAccessorImpl.java:43)
	at java.lang.reflect.Method.invoke(Method.java:498)
	at org.mybatis.spring.SqlSessionTemplate$SqlSessionInterceptor.invoke(SqlSessionTemplate.java:426)
	... 61 more

2022-05-24 10:43:46.998  WARN 932 --- [http-nio-9001-exec-3] c.a.druid.pool.DruidAbstractDataSource   : discard long time none received connection. , jdbcUrl : jdbc:mysql://127.0.0.1:3306/museum?useUnicode=true&characterEncoding=utf-8&useSSL=false&serverTimezone = GMT, version : 1.2.5, lastPacketReceivedIdleMillis : 116036
2022-05-24 10:52:32.973  WARN 932 --- [http-nio-9001-exec-2] c.a.druid.pool.DruidAbstractDataSource   : discard long time none received connection. , jdbcUrl : jdbc:mysql://127.0.0.1:3306/museum?useUnicode=true&characterEncoding=utf-8&useSSL=false&serverTimezone = GMT, version : 1.2.5, lastPacketReceivedIdleMillis : 505291
2022-05-24 10:52:32.973  WARN 932 --- [http-nio-9001-exec-2] c.a.druid.pool.DruidAbstractDataSource   : discard long time none received connection. , jdbcUrl : jdbc:mysql://127.0.0.1:3306/museum?useUnicode=true&characterEncoding=utf-8&useSSL=false&serverTimezone = GMT, version : 1.2.5, lastPacketReceivedIdleMillis : 505298
2022-05-24 10:52:32.973  WARN 932 --- [http-nio-9001-exec-2] c.a.druid.pool.DruidAbstractDataSource   : discard long time none received connection. , jdbcUrl : jdbc:mysql://127.0.0.1:3306/museum?useUnicode=true&characterEncoding=utf-8&useSSL=false&serverTimezone = GMT, version : 1.2.5, lastPacketReceivedIdleMillis : 680881
2022-05-24 10:52:32.973  WARN 932 --- [http-nio-9001-exec-2] c.a.druid.pool.DruidAbstractDataSource   : discard long time none received connection. , jdbcUrl : jdbc:mysql://127.0.0.1:3306/museum?useUnicode=true&characterEncoding=utf-8&useSSL=false&serverTimezone = GMT, version : 1.2.5, lastPacketReceivedIdleMillis : 680896
2022-05-24 10:52:32.983  WARN 932 --- [http-nio-9001-exec-2] c.a.druid.pool.DruidAbstractDataSource   : discard long time none received connection. , jdbcUrl : jdbc:mysql://127.0.0.1:3306/museum?useUnicode=true&characterEncoding=utf-8&useSSL=false&serverTimezone = GMT, version : 1.2.5, lastPacketReceivedIdleMillis : 680916
2022-05-24 10:55:18.523  WARN 932 --- [http-nio-9001-exec-6] c.a.druid.pool.DruidAbstractDataSource   : discard long time none received connection. , jdbcUrl : jdbc:mysql://127.0.0.1:3306/museum?useUnicode=true&characterEncoding=utf-8&useSSL=false&serverTimezone = GMT, version : 1.2.5, lastPacketReceivedIdleMillis : 162554
2022-05-24 10:55:18.523  WARN 932 --- [http-nio-9001-exec-6] c.a.druid.pool.DruidAbstractDataSource   : discard long time none received connection. , jdbcUrl : jdbc:mysql://127.0.0.1:3306/museum?useUnicode=true&characterEncoding=utf-8&useSSL=false&serverTimezone = GMT, version : 1.2.5, lastPacketReceivedIdleMillis : 162554
2022-05-24 11:15:58.206  WARN 932 --- [http-nio-9001-exec-9] c.a.druid.pool.DruidAbstractDataSource   : discard long time none received connection. , jdbcUrl : jdbc:mysql://127.0.0.1:3306/museum?useUnicode=true&characterEncoding=utf-8&useSSL=false&serverTimezone = GMT, version : 1.2.5, lastPacketReceivedIdleMillis : 1102661
2022-05-24 11:15:58.224  WARN 932 --- [http-nio-9001-exec-9] c.a.druid.pool.DruidAbstractDataSource   : discard long time none received connection. , jdbcUrl : jdbc:mysql://127.0.0.1:3306/museum?useUnicode=true&characterEncoding=utf-8&useSSL=false&serverTimezone = GMT, version : 1.2.5, lastPacketReceivedIdleMillis : 1107307
2022-05-24 11:21:04.264  WARN 932 --- [http-nio-9001-exec-4] c.a.druid.pool.DruidAbstractDataSource   : discard long time none received connection. , jdbcUrl : jdbc:mysql://127.0.0.1:3306/museum?useUnicode=true&characterEncoding=utf-8&useSSL=false&serverTimezone = GMT, version : 1.2.5, lastPacketReceivedIdleMillis : 266848
2022-05-24 11:21:04.267  WARN 932 --- [http-nio-9001-exec-4] c.a.druid.pool.DruidAbstractDataSource   : discard long time none received connection. , jdbcUrl : jdbc:mysql://127.0.0.1:3306/museum?useUnicode=true&characterEncoding=utf-8&useSSL=false&serverTimezone = GMT, version : 1.2.5, lastPacketReceivedIdleMillis : 292509
2022-05-24 12:42:30.845  WARN 932 --- [http-nio-9001-exec-9] c.a.druid.pool.DruidAbstractDataSource   : discard long time none received connection. , jdbcUrl : jdbc:mysql://127.0.0.1:3306/museum?useUnicode=true&characterEncoding=utf-8&useSSL=false&serverTimezone = GMT, version : 1.2.5, lastPacketReceivedIdleMillis : 4835050
2022-05-24 14:46:18.476  WARN 932 --- [http-nio-9001-exec-2] c.a.druid.pool.DruidAbstractDataSource   : discard long time none received connection. , jdbcUrl : jdbc:mysql://127.0.0.1:3306/museum?useUnicode=true&characterEncoding=utf-8&useSSL=false&serverTimezone = GMT, version : 1.2.5, lastPacketReceivedIdleMillis : 7407695
2022-05-24 20:05:16.083  WARN 932 --- [http-nio-9001-exec-1] c.a.druid.pool.DruidAbstractDataSource   : discard long time none received connection. , jdbcUrl : jdbc:mysql://127.0.0.1:3306/museum?useUnicode=true&characterEncoding=utf-8&useSSL=false&serverTimezone = GMT, version : 1.2.5, lastPacketReceivedIdleMillis : 19137214
2022-05-24 20:08:25.401  WARN 932 --- [http-nio-9001-exec-8] c.a.druid.pool.DruidAbstractDataSource   : discard long time none received connection. , jdbcUrl : jdbc:mysql://127.0.0.1:3306/museum?useUnicode=true&characterEncoding=utf-8&useSSL=false&serverTimezone = GMT, version : 1.2.5, lastPacketReceivedIdleMillis : 112751
2022-05-24 20:08:25.406  WARN 932 --- [http-nio-9001-exec-8] c.a.druid.pool.DruidAbstractDataSource   : discard long time none received connection. , jdbcUrl : jdbc:mysql://127.0.0.1:3306/museum?useUnicode=true&characterEncoding=utf-8&useSSL=false&serverTimezone = GMT, version : 1.2.5, lastPacketReceivedIdleMillis : 181433
